
> rng@0.1.0 build
> next build

  ▲ Next.js 14.2.5

   Creating an optimized production build ...
Failed to compile.

./app/globals.css
Module not found: Can't resolve 'tailwindcss'

https://nextjs.org/docs/messages/module-not-found

Import trace for requested module:
./app/globals.css

./app/globals.css
Error: Can't resolve 'tailwindcss'
    at finishWithoutResolve (/Users/mac/Desktop/RNG gamez/node_modules/next/dist/compiled/webpack/bundle5.js:1:192542)
    at /Users/mac/Desktop/RNG gamez/node_modules/next/dist/compiled/webpack/bundle5.js:1:193439
    at /Users/mac/Desktop/RNG gamez/node_modules/next/dist/compiled/webpack/bundle5.js:1:194068
    at eval (eval at create (/Users/mac/Desktop/RNG gamez/node_modules/next/dist/compiled/webpack/bundle5.js:13:28858), <anonymous>:16:1)
    at /Users/mac/Desktop/RNG gamez/node_modules/next/dist/compiled/webpack/bundle5.js:1:194068
    at eval (eval at create (/Users/mac/Desktop/RNG gamez/node_modules/next/dist/compiled/webpack/bundle5.js:13:28858), <anonymous>:27:1)
    at /Users/mac/Desktop/RNG gamez/node_modules/next/dist/compiled/webpack/bundle5.js:1:176872
    at /Users/mac/Desktop/RNG gamez/node_modules/next/dist/compiled/webpack/bundle5.js:1:194068
    at eval (eval at create (/Users/mac/Desktop/RNG gamez/node_modules/next/dist/compiled/webpack/bundle5.js:13:28858), <anonymous>:16:1)
    at /Users/mac/Desktop/RNG gamez/node_modules/next/dist/compiled/webpack/bundle5.js:1:209682

https://nextjs.org/docs/messages/module-not-found


> Build failed because of webpack errors
